Target Part: A3P060_VQFP100_STD
Report for cell hc138.verilog
  Core Cell usage:
              cell count     area count*area
               GND     1      0.0        0.0
              NOR2     1      1.0        1.0
             NOR2A     2      1.0        2.0
             NOR2B     1      1.0        1.0
             NOR3B     4      1.0        4.0
             NOR3C     5      1.0        5.0
               VCC     1      0.0        0.0


                   -----          ----------
             TOTAL    15                13.0


  IO Cell usage:
              cell count
             INBUF     6
            OUTBUF     8
                   -----
             TOTAL    14


Core Cells         : 13 of 1536 (1%)
IO Cells           : 14

  RAM/ROM Usage Summary
Block Rams : 0 of 4 (0%)

