Microsemi Libero Software
Version: 11.9.0.4
Release: v11.9

Created a new design.
'BA_NAME' set to 'fsm_tri_ba'
'IDE_DESIGNERVIEW_NAME' set to 'Impl1'
'IDE_DESIGNERVIEW_COUNT' set to '1'
'IDE_DESIGNERVIEW_REV0' set to 'Impl1'
'IDE_DESIGNERVIEW_REVNUM0' set to '1'
'IDE_DESIGNERVIEW_ROOTDIR' set to 'C:\EDA\fsm_tri\designer'
'IDE_DESIGNERVIEW_LASTREV' set to '1'
'DESDIR' set to 'C:/EDA/fsm_tri/designer/impl1'
'BA_DIR' set to 'C:/EDA/fsm_tri/designer/impl1'
'BA_NETLIST_ALSO' set to '1'
'EDNINFLAVOR' set to 'GENERIC'
'NETLIST_NAMING_STYLE' set to 'VERILOG'
'EXPORT_STATUS_REPORT' set to '1'
'EXPORT_STATUS_REPORT_FILENAME' set to 'fsm_tri.rpt'
'AUDIT_NETLIST_FILE' set to '1'
'AUDIT_DCF_FILE' set to '1'
'AUDIT_PIN_FILE' set to '1'
'AUDIT_ADL_FILE' set to '1'

 Netlist Reading Time = 0.0 seconds
Imported the file:
   C:\EDA\fsm_tri\synthesis\fsm_tri.edn

The Import command succeeded ( 00:00:01 )
Design saved to file fsm_tri.adb.
=====================================================================
Parameters used to run compile:
===============================

Family      : ProASIC3
Device      : A3P060
Package     : 100 VQFP
Source      : C:\EDA\fsm_tri\synthesis\fsm_tri.edn
Format      : EDIF
Topcell     : fsm_tri
Speed grade : STD
Temp        : 0:25:70
Voltage     : 1.58:1.50:1.42

Keep Existing Physical Constraints : No
Keep Existing Timing Constraints   : Yes

pdc_abort_on_error                 : Yes
pdc_eco_display_unmatched_objects  : No
pdc_eco_max_warnings               : 10000

demote_globals                     : No
promote_globals                    : No
localclock_max_shared_instances    : 12
localclock_buffer_tree_max_fanout  : 12

combine_register                   : No
delete_buffer_tree                 : No

report_high_fanout_nets_limit      : 10

=====================================================================
Compile starts ...


Netlist Optimization Report
===========================

Optimized macros:
  - Dangling net drivers:   0
  - Buffers:                0
  - Inverters:              0
  - Tieoff:                 0
  - Logic combining:        0

    Total macros optimized  0

There were 0 error(s) and 0 warning(s) in this design.
=====================================================================
Compile report:
===============

    CORE                       Used:      5  Total:   1536   (0.33%)
    IO (W/ clocks)             Used:      4  Total:     71   (5.63%)
    GLOBAL (Chip+Quadrant)     Used:      1  Total:     18   (5.56%)
    PLL                        Used:      0  Total:      1   (0.00%)
    RAM/FIFO                   Used:      0  Total:      4   (0.00%)
    Low Static ICC             Used:      0  Total:      1   (0.00%)
    FlashROM                   Used:      0  Total:      1   (0.00%)
    User JTAG                  Used:      0  Total:      1   (0.00%)

Global Information:

    Type            | Used   | Total
    ----------------|--------|--------------
    Chip global     | 1      | 6  (16.67%)*
    Quadrant global | 0      | 12 (0.00%)

    (*) Chip globals may be assigned to Quadrant globals using the Multi-View Navigator (MVN)
        or Physical Design Constraints (PDC).
        They may also be assigned to Quadrant globals automatically during Layout.

Core Information:

    Type    | Instances    | Core tiles
    --------|--------------|-----------
    COMB    | 3            | 3
    SEQ     | 2            | 2

I/O Function:

    Type                                  | w/o register  | w/ register  | w/ DDR register
    --------------------------------------|---------------|--------------|----------------
    Input I/O                             | 3             | 0            | 0
    Output I/O                            | 1             | 0            | 0
    Bidirectional I/O                     | 0             | 0            | 0
    Differential Input I/O Pairs          | 0             | 0            | 0
    Differential Output I/O Pairs         | 0             | 0            | 0

I/O Technology:

                                    |   Voltages    |             I/Os
    --------------------------------|-------|-------|-------|--------|--------------
    I/O Standard(s)                 | Vcci  | Vref  | Input | Output | Bidirectional
    --------------------------------|-------|-------|-------|--------|--------------
    LVCMOS33                        | 3.30v | N/A   | 3     | 1      | 0

I/O Placement:

    Locked  :   0
    Placed  :   0
    UnPlaced:   4 ( 100.00% )

Net information report:
=======================

The following nets have been assigned to a chip global resource:
    Fanout  Type          Name
    --------------------------
    2       CLK_NET       Net   : clk_c
                          Driver: clk_pad
                          Source: NETLIST

High fanout nets in the post compile netlist:
    Fanout  Type          Name
    --------------------------
    3       INT_NET       Net   : current_state[1]
                          Driver: current_state[1]
    2       SET/RESET_NET Net   : rst_c
                          Driver: rst_pad
    2       INT_NET       Net   : ina_c
                          Driver: ina_pad
    2       INT_NET       Net   : current_state_i_0[0]
                          Driver: current_state[0]
    1       INT_NET       Net   : current_state_ns_i[1]
                          Driver: current_state_ns_i[1]
    1       INT_NET       Net   : current_state_ns[0]
                          Driver: current_state_ns_0_a3[0]
    1       INT_NET       Net   : dataout_d_c
                          Driver: current_state_s2_0_a2

Nets that are candidates for clock assignment and the resulting fanout:
    Fanout  Type          Name
    --------------------------
    3       INT_NET       Net   : current_state[1]
                          Driver: current_state[1]
    2       SET/RESET_NET Net   : rst_c
                          Driver: rst_pad
    2       INT_NET       Net   : ina_c
                          Driver: ina_pad
    2       INT_NET       Net   : current_state_i_0[0]
                          Driver: current_state[0]
    1       INT_NET       Net   : current_state_ns_i[1]
                          Driver: current_state_ns_i[1]
    1       INT_NET       Net   : current_state_ns[0]
                          Driver: current_state_ns_0_a3[0]
    1       INT_NET       Net   : dataout_d_c
                          Driver: current_state_s2_0_a2

The Compile command succeeded ( 00:00:00 )
Wrote status report to file: fsm_tri_compile_report.txt

The Report command succeeded ( 00:00:00 )
Wrote pin report to file: fsm_tri_report_pin_byname.txt

The Report command succeeded ( 00:00:00 )
Wrote pin report to file: fsm_tri_report_pin_bynumber.txt

The Report command succeeded ( 00:00:01 )
Design saved to file C:\EDA\fsm_tri\designer\impl1\fsm_tri.adb.

The Execute Script command succeeded ( 00:00:05 )
Design closed.

