Target Part: A3P060_VQFP100_STD
Report for cell vend_moore.verilog
  Core Cell usage:
              cell count     area count*area
               AO1     1      1.0        1.0
              AO1A     1      1.0        1.0
              AO1D     1      1.0        1.0
               GND     1      0.0        0.0
             NOR2A     2      1.0        2.0
             NOR2B     2      1.0        2.0
              NOR3     2      1.0        2.0
             NOR3A     3      1.0        3.0
             NOR3B     2      1.0        2.0
             NOR3C     1      1.0        1.0
              OA1B     1      1.0        1.0
               OR2     1      1.0        1.0
               OR3     2      1.0        2.0
               VCC     1      0.0        0.0


            DFN1C1     4      1.0        4.0
            DFN1P1     1      1.0        1.0
                   -----          ----------
             TOTAL    26                24.0


  IO Cell usage:
              cell count
            CLKBUF     1
             INBUF     3
            OUTBUF     1
                   -----
             TOTAL     5


Core Cells         : 24 of 1536 (2%)
IO Cells           : 5

  RAM/ROM Usage Summary
Block Rams : 0 of 4 (0%)

