Target Part: A3P060_VQFP100_STD
Report for cell ex4511_148.verilog
  Core Cell usage:
              cell count     area count*area
              AO1C     3      1.0        3.0
              AOI1     2      1.0        2.0
             AXOI7     1      1.0        1.0
               GND     4      0.0        0.0
              MX2A     1      1.0        1.0
             NAND2     4      1.0        4.0
              NOR2     2      1.0        2.0
             NOR2A     6      1.0        6.0
             NOR2B     9      1.0        9.0
              NOR3     3      1.0        3.0
             NOR3B     5      1.0        5.0
             NOR3C     3      1.0        3.0
              OA1A     2      1.0        2.0
              OA1B     1      1.0        1.0
              OA1C     4      1.0        4.0
               OR2     1      1.0        1.0
              OR2A     1      1.0        1.0
              OR2B     5      1.0        5.0
               OR3     1      1.0        1.0
              OR3A     1      1.0        1.0
              OR3C     1      1.0        1.0
               VCC     4      0.0        0.0
              XA1B     1      1.0        1.0


                   -----          ----------
             TOTAL    65                57.0


  IO Cell usage:
              cell count
             INBUF    16
            OUTBUF    10
                   -----
             TOTAL    26


Core Cells         : 57 of 1536 (4%)
IO Cells           : 26

  RAM/ROM Usage Summary
Block Rams : 0 of 4 (0%)

