
Starting:    C:\Microsemi\Libero_SoC_v11.9\SynplifyPro\bin64\mbin\synplify.exe
Install:     C:\Microsemi\Libero_SoC_v11.9\SynplifyPro
Hostname:    EZEKIEL
Date:        Wed Jan 03 14:06:43 2024
Version:     L-2016.09M-SP1-5

Arguments:   -product synplify_pro ex161ex4511_syn.tcl
ProductType: synplify_pro

License checkout: synplifypro_actel
License: synplifypro_actel node-locked 
Licensed Vendor: actel
License Option: actel_oem



Implementation not found: synthesis
TCL script complete: "ex161ex4511_syn.tcl"
New HDL Analyst: enabled
log file: "C:\EDA\kaohe\ex161ex4511\synthesis\ex161ex4511.srr"
Running: synthesis in foreground

Running ex161ex4511_syn|synthesis

Running: compile (Compile) on ex161ex4511_syn|synthesis
# Wed Jan 03 14:06:46 2024

Running: compile_flow (Compile Process) on ex161ex4511_syn|synthesis
# Wed Jan 03 14:06:46 2024

Running: compiler (Compile Input) on ex161ex4511_syn|synthesis
# Wed Jan 03 14:06:46 2024
Copied C:\EDA\kaohe\ex161ex4511\synthesis\synwork\ex161ex4511_comp.srs to C:\EDA\kaohe\ex161ex4511\synthesis\ex161ex4511.srs

compiler completed
# Wed Jan 03 14:06:47 2024

Return Code: 0
Run Time:00h:00m:01s

Running: multi_srs_gen (Multi-srs Generator) on ex161ex4511_syn|synthesis
# Wed Jan 03 14:06:48 2024

multi_srs_gen completed
# Wed Jan 03 14:06:48 2024

Return Code: 0
Run Time:00h:00m:00s
Copied C:\EDA\kaohe\ex161ex4511\synthesis\synwork\ex161ex4511_mult.srs to C:\EDA\kaohe\ex161ex4511\synthesis\ex161ex4511.srs
Complete: Compile Process on ex161ex4511_syn|synthesis

Running: premap (Pre-mapping) on ex161ex4511_syn|synthesis
# Wed Jan 03 14:06:48 2024

premap completed with warnings
# Wed Jan 03 14:06:48 2024

Return Code: 1
Run Time:00h:00m:00s
Complete: Compile on ex161ex4511_syn|synthesis

Running: map (Map) on ex161ex4511_syn|synthesis
# Wed Jan 03 14:06:48 2024

Running: fpga_mapper (Map & Optimize) on ex161ex4511_syn|synthesis
# Wed Jan 03 14:06:48 2024
Copied C:\EDA\kaohe\ex161ex4511\synthesis\synwork\ex161ex4511_m.srm to C:\EDA\kaohe\ex161ex4511\synthesis\ex161ex4511.srm

fpga_mapper completed with warnings
# Wed Jan 03 14:06:48 2024

Return Code: 1
Run Time:00h:00m:00s
Complete: Map on ex161ex4511_syn|synthesis
Complete: Logic Synthesis on ex161ex4511_syn|synthesis
Note: Opening local project RTL file 'C:\EDA\kaohe\ex161ex4511\synthesis\ex161ex4511.srs'
exit status=0
License checkin: synplifypro_actel
