Microsemi Libero Software
Version: 11.9.1.0
Release: v11.9 SP1

Created a new design.
'BA_NAME' set to 'ex4511_161_ba'
'IDE_DESIGNERVIEW_NAME' set to 'Impl1'
'IDE_DESIGNERVIEW_COUNT' set to '1'
'IDE_DESIGNERVIEW_REV0' set to 'Impl1'
'IDE_DESIGNERVIEW_REVNUM0' set to '1'
'IDE_DESIGNERVIEW_ROOTDIR' set to 'D:\ex161ex4511\designer'
'IDE_DESIGNERVIEW_LASTREV' set to '1'
'DESDIR' set to 'D:/ex161ex4511/designer/impl1'
'BA_DIR' set to 'D:/ex161ex4511/designer/impl1'
'BA_NETLIST_ALSO' set to '1'
'EDNINFLAVOR' set to 'GENERIC'
'NETLIST_NAMING_STYLE' set to 'VERILOG'
'EXPORT_STATUS_REPORT' set to '1'
'EXPORT_STATUS_REPORT_FILENAME' set to 'ex4511_161.rpt'
'AUDIT_NETLIST_FILE' set to '1'
'AUDIT_DCF_FILE' set to '1'
'AUDIT_PIN_FILE' set to '1'
'AUDIT_ADL_FILE' set to '1'

 Netlist Reading Time = 0.0 seconds
Imported the file:
   D:\ex161ex4511\synthesis\ex4511_161.edn

The Import command succeeded ( 00:00:01 )
Design saved to file ex4511_161.adb.
=====================================================================
Parameters used to run compile:
===============================

Family      : ProASIC3
Device      : A3P060
Package     : 100 VQFP
Source      : D:\ex161ex4511\synthesis\ex4511_161.edn
Format      : EDIF
Topcell     : ex4511_161
Speed grade : STD
Temp        : 0:25:70
Voltage     : 1.58:1.50:1.42

Keep Existing Physical Constraints : No
Keep Existing Timing Constraints   : Yes

pdc_abort_on_error                 : Yes
pdc_eco_display_unmatched_objects  : No
pdc_eco_max_warnings               : 10000

demote_globals                     : No
promote_globals                    : No
localclock_max_shared_instances    : 12
localclock_buffer_tree_max_fanout  : 12

combine_register                   : No
delete_buffer_tree                 : No

report_high_fanout_nets_limit      : 10

=====================================================================
Compile starts ...

Warning: Top level port Dn<3> is not connected to any IO pad
Warning: Top level port Dn<2> is not connected to any IO pad
Warning: Top level port Dn<1> is not connected to any IO pad
Warning: Top level port Dn<0> is not connected to any IO pad

Netlist Optimization Report
===========================

Optimized macros:
  - Dangling net drivers:   0
  - Buffers:                0
  - Inverters:              0
  - Tieoff:                 0
  - Logic combining:        0

    Total macros optimized  0

There were 0 error(s) and 4 warning(s) in this design.
=====================================================================
Compile report:
===============

    CORE                       Used:     43  Total:   1536   (2.80%)
    IO (W/ clocks)             Used:     11  Total:     71   (15.49%)
    GLOBAL (Chip+Quadrant)     Used:      2  Total:     18   (11.11%)
    PLL                        Used:      0  Total:      1   (0.00%)
    RAM/FIFO                   Used:      0  Total:      4   (0.00%)
    Low Static ICC             Used:      0  Total:      1   (0.00%)
    FlashROM                   Used:      0  Total:      1   (0.00%)
    User JTAG                  Used:      0  Total:      1   (0.00%)

Global Information:

    Type            | Used   | Total
    ----------------|--------|--------------
    Chip global     | 2      | 6  (33.33%)*
    Quadrant global | 0      | 12 (0.00%)

    (*) Chip globals may be assigned to Quadrant globals using the Multi-View Navigator (MVN)
        or Physical Design Constraints (PDC).
        They may also be assigned to Quadrant globals automatically during Layout.

Core Information:

    Type    | Instances    | Core tiles
    --------|--------------|-----------
    COMB    | 31           | 31
    SEQ     | 12           | 12

I/O Function:

    Type                                  | w/o register  | w/ register  | w/ DDR register
    --------------------------------------|---------------|--------------|----------------
    Input I/O                             | 2             | 0            | 0
    Output I/O                            | 9             | 0            | 0
    Bidirectional I/O                     | 0             | 0            | 0
    Differential Input I/O Pairs          | 0             | 0            | 0
    Differential Output I/O Pairs         | 0             | 0            | 0

I/O Technology:

                                    |   Voltages    |             I/Os
    --------------------------------|-------|-------|-------|--------|--------------
    I/O Standard(s)                 | Vcci  | Vref  | Input | Output | Bidirectional
    --------------------------------|-------|-------|-------|--------|--------------
    LVCMOS33                        | 3.30v | N/A   | 2     | 9      | 0

I/O Placement:

    Locked  :   0
    Placed  :   0
    UnPlaced:  11 ( 100.00% )

Net information report:
=======================

The following nets have been assigned to a chip global resource:
    Fanout  Type          Name
    --------------------------
    7       CLK_NET       Net   : LE_c
                          Driver: LE_pad
                          Source: NETLIST
    5       CLK_NET       Net   : CP_c
                          Driver: CP_pad
                          Source: NETLIST

High fanout nets in the post compile netlist:
    Fanout  Type          Name
    --------------------------
    15      INT_NET       Net   : HC161_0_Qn[0]
                          Driver: HC161_0/qaux[0]
    13      INT_NET       Net   : HC161_0_Qn[2]
                          Driver: HC161_0/qaux[2]
    12      INT_NET       Net   : HC161_0_Qn[1]
                          Driver: HC161_0/qaux[1]
    10      INT_NET       Net   : HC161_0_Qn[3]
                          Driver: HC161_0/qaux[3]
    4       SET/RESET_NET Net   : NAND2_0_Y
                          Driver: NAND2_0
    4       INT_NET       Net   : hc4511_0/N_52
                          Driver: hc4511_0/SM_8S_1_0_a2[2]
    3       INT_NET       Net   : HC161_0.qaux_c2
                          Driver: HC161_0/qaux_RNIOU7D[1]
    3       INT_NET       Net   : hc4511_0/N_30
                          Driver: hc4511_0/SM_8S_1_i_o2[1]
    2       INT_NET       Net   : HC161_0.TC4_1
                          Driver: HC161_0/qaux_RNIFJQ8[1]
    2       INT_NET       Net   : hc4511_0/N_29
                          Driver: hc4511_0/SM_8S_1_0_o4[5]

Nets that are candidates for clock assignment and the resulting fanout:
    Fanout  Type          Name
    --------------------------
    15      INT_NET       Net   : HC161_0_Qn[0]
                          Driver: HC161_0/qaux[0]
    13      INT_NET       Net   : HC161_0_Qn[2]
                          Driver: HC161_0/qaux[2]
    12      INT_NET       Net   : HC161_0_Qn[1]
                          Driver: HC161_0/qaux[1]
    10      INT_NET       Net   : HC161_0_Qn[3]
                          Driver: HC161_0/qaux[3]
    4       SET/RESET_NET Net   : NAND2_0_Y
                          Driver: NAND2_0
    4       INT_NET       Net   : hc4511_0/N_52
                          Driver: hc4511_0/SM_8S_1_0_a2[2]
    3       INT_NET       Net   : HC161_0.qaux_c2
                          Driver: HC161_0/qaux_RNIOU7D[1]
    3       INT_NET       Net   : hc4511_0/N_30
                          Driver: hc4511_0/SM_8S_1_i_o2[1]
    2       INT_NET       Net   : HC161_0.TC4_1
                          Driver: HC161_0/qaux_RNIFJQ8[1]
    2       INT_NET       Net   : hc4511_0/N_29
                          Driver: hc4511_0/SM_8S_1_0_o4[5]

The Compile command succeeded ( 00:00:02 )
Wrote status report to file: ex4511_161_compile_report.txt

The Report command succeeded ( 00:00:00 )
Wrote pin report to file: ex4511_161_report_pin_byname.txt

The Report command succeeded ( 00:00:00 )
Wrote pin report to file: ex4511_161_report_pin_bynumber.txt

The Report command succeeded ( 00:00:01 )
Design saved to file D:\ex161ex4511\designer\impl1\ex4511_161.adb.

The Execute Script command succeeded ( 00:00:09 )
Design closed.

