Microsemi Libero Software
Version: 11.9.1.0
Release: v11.9 SP1

Info: The design ex4511_161.adb was last modified by software version 11.9.1.0.
Opened an existing Libero design ex4511_161.adb.
'BA_NAME' set to 'ex4511_161_ba'
'IDE_DESIGNERVIEW_NAME' set to 'Impl1'
'IDE_DESIGNERVIEW_COUNT' set to '1'
'IDE_DESIGNERVIEW_REV0' set to 'Impl1'
'IDE_DESIGNERVIEW_REVNUM0' set to '1'
'IDE_DESIGNERVIEW_ROOTDIR' set to 'D:\ex161ex4511\designer'
'IDE_DESIGNERVIEW_LASTREV' set to '1'
Wrote timing report to file: ex4511_161_maxdelay_timing_report.txt

The Report command succeeded ( 00:00:02 )
Wrote timing report to file: ex4511_161_mindelay_timing_report.txt

The Report command succeeded ( 00:00:00 )
Wrote timing_violations report to file: ex4511_161_maxdelay_timingviolations_report.txt

The Report command succeeded ( 00:00:00 )
Wrote timing_violations report to file: ex4511_161_mindelay_timingviolations_report.txt

The Report command succeeded ( 00:00:00 )
Design saved to file D:\ex161ex4511\designer\impl1\ex4511_161.adb.

The Execute Script command succeeded ( 00:00:02 )
Design closed.

