
Starting:    C:\Microsemi\Libero_SoC_v11.9\SynplifyPro\bin64\mbin\synplify.exe
Install:     C:\Microsemi\Libero_SoC_v11.9\SynplifyPro
Hostname:    EZEKIEL
Date:        Wed Jan 03 14:57:50 2024
Version:     L-2016.09M-SP1-5

Arguments:   -product synplify_pro hc161_syn.tcl
ProductType: synplify_pro

License checkout: synplifypro_actel
License: synplifypro_actel node-locked 
Licensed Vendor: actel
License Option: actel_oem



Implementation not found: synthesis
TCL script complete: "hc161_syn.tcl"
New HDL Analyst: enabled
log file: "C:\EDA\cpu74hc161\synthesis\hc161.srr"
Running: synthesis in foreground

Running hc161_syn|synthesis

Running: compile (Compile) on hc161_syn|synthesis
# Wed Jan 03 14:57:53 2024

Running: compile_flow (Compile Process) on hc161_syn|synthesis
# Wed Jan 03 14:57:53 2024

Running: compiler (Compile Input) on hc161_syn|synthesis
# Wed Jan 03 14:57:53 2024
Copied C:\EDA\cpu74hc161\synthesis\synwork\hc161_comp.srs to C:\EDA\cpu74hc161\synthesis\hc161.srs

compiler completed
# Wed Jan 03 14:57:54 2024

Return Code: 0
Run Time:00h:00m:01s

Running: multi_srs_gen (Multi-srs Generator) on hc161_syn|synthesis
# Wed Jan 03 14:57:54 2024

multi_srs_gen completed
# Wed Jan 03 14:57:54 2024

Return Code: 0
Run Time:00h:00m:00s
Copied C:\EDA\cpu74hc161\synthesis\synwork\hc161_mult.srs to C:\EDA\cpu74hc161\synthesis\hc161.srs
Complete: Compile Process on hc161_syn|synthesis

Running: premap (Pre-mapping) on hc161_syn|synthesis
# Wed Jan 03 14:57:55 2024

premap completed with warnings
# Wed Jan 03 14:57:55 2024

Return Code: 1
Run Time:00h:00m:01s
Complete: Compile on hc161_syn|synthesis

Running: map (Map) on hc161_syn|synthesis
# Wed Jan 03 14:57:55 2024

Running: fpga_mapper (Map & Optimize) on hc161_syn|synthesis
# Wed Jan 03 14:57:55 2024
Note: Opening local project RTL file 'C:\EDA\cpu74hc161\synthesis\hc161.srs'
Copied C:\EDA\cpu74hc161\synthesis\synwork\hc161_m.srm to C:\EDA\cpu74hc161\synthesis\hc161.srm

fpga_mapper completed with warnings
# Wed Jan 03 14:57:55 2024

Return Code: 1
Run Time:00h:00m:00s
Complete: Map on hc161_syn|synthesis
Complete: Logic Synthesis on hc161_syn|synthesis
exit status=0
License checkin: synplifypro_actel
