
Starting:    C:\Microsemi\Libero_SoC_v11.9\SynplifyPro\bin64\mbin\synplify.exe
Install:     C:\Microsemi\Libero_SoC_v11.9\SynplifyPro
Hostname:    EZEKIEL
Date:        Wed Jan 03 02:01:00 2024
Version:     L-2016.09M-SP1-5

Arguments:   -product synplify_pro hc283_syn.tcl
ProductType: synplify_pro

License checkout: synplifypro_actel
License: synplifypro_actel node-locked 
Licensed Vendor: actel
License Option: actel_oem



TCL script complete: "hc283_syn.tcl"
New HDL Analyst: enabled
log file: "C:\EDA\cpu74hc283\synthesis\hc283.srr"
Running: synthesis in foreground

Running hc283_syn|synthesis

Running: compile (Compile) on hc283_syn|synthesis
# Wed Jan 03 02:01:03 2024

Running: compile_flow (Compile Process) on hc283_syn|synthesis
# Wed Jan 03 02:01:03 2024

Running: compiler (Compile Input) on hc283_syn|synthesis
# Wed Jan 03 02:01:03 2024
Copied C:\EDA\cpu74hc283\synthesis\synwork\hc283_comp.srs to C:\EDA\cpu74hc283\synthesis\hc283.srs

compiler completed
# Wed Jan 03 02:01:04 2024

Return Code: 0
Run Time:00h:00m:01s

Running: multi_srs_gen (Multi-srs Generator) on hc283_syn|synthesis
# Wed Jan 03 02:01:04 2024

multi_srs_gen completed
# Wed Jan 03 02:01:04 2024

Return Code: 0
Run Time:00h:00m:00s
Copied C:\EDA\cpu74hc283\synthesis\synwork\hc283_mult.srs to C:\EDA\cpu74hc283\synthesis\hc283.srs
Complete: Compile Process on hc283_syn|synthesis

Running: premap (Pre-mapping) on hc283_syn|synthesis
# Wed Jan 03 02:01:04 2024

premap completed
# Wed Jan 03 02:01:04 2024

Return Code: 0
Run Time:00h:00m:00s
Complete: Compile on hc283_syn|synthesis

Running: map (Map) on hc283_syn|synthesis
# Wed Jan 03 02:01:04 2024

Running: fpga_mapper (Map & Optimize) on hc283_syn|synthesis
# Wed Jan 03 02:01:04 2024
Copied C:\EDA\cpu74hc283\synthesis\synwork\hc283_m.srm to C:\EDA\cpu74hc283\synthesis\hc283.srm

fpga_mapper completed
# Wed Jan 03 02:01:06 2024

Return Code: 0
Run Time:00h:00m:02s
Complete: Map on hc283_syn|synthesis
Complete: Logic Synthesis on hc283_syn|synthesis
Note: Opening local project RTL file 'C:\EDA\cpu74hc283\synthesis\hc283.srs'
exit status=0
License checkin: synplifypro_actel
