
Starting:    C:\Microsemi\Libero_SoC_v11.9\SynplifyPro\bin64\mbin\synbatch.exe
Install:     C:\Microsemi\Libero_SoC_v11.9\SynplifyPro
Hostname:    315-0115
Date:        Sun Dec 24 20:44:32 2023
Version:     L-2016.09M-SP1-5

Arguments:   -product synplify_pro -licensetype synplifypro_actel -batch -log synplify.log ex4511_161_syn.tcl
ProductType: synplify_pro

License checkout: synplifypro_actel
License: synplifypro_actel node-locked 
Licensed Vendor: actel
License Option: actel_oem

Running in Vendor Mode


Implementation not found: synthesis

log file: "D:\ex161ex4511\synthesis\ex4511_161.srr"

Running: synthesis in foreground



Running ex4511_161_syn|synthesis


Running: compile (Compile) on ex4511_161_syn|synthesis
# Sun Dec 24 20:44:32 2023


Running: compile_flow (Compile Process) on ex4511_161_syn|synthesis
# Sun Dec 24 20:44:32 2023


Running: compiler (Compile Input) on ex4511_161_syn|synthesis
# Sun Dec 24 20:44:32 2023

Copied D:\ex161ex4511\synthesis\synwork\ex4511_161_comp.srs to D:\ex161ex4511\synthesis\ex4511_161.srs


compiler completed
# Sun Dec 24 20:44:34 2023

Return Code: 0
Run Time:00h:00m:02s


Running: multi_srs_gen (Multi-srs Generator) on ex4511_161_syn|synthesis
# Sun Dec 24 20:44:34 2023


multi_srs_gen completed
# Sun Dec 24 20:44:34 2023

Return Code: 0
Run Time:00h:00m:00s

Copied D:\ex161ex4511\synthesis\synwork\ex4511_161_mult.srs to D:\ex161ex4511\synthesis\ex4511_161.srs

Complete: Compile Process on ex4511_161_syn|synthesis


Running: premap (Pre-mapping) on ex4511_161_syn|synthesis
# Sun Dec 24 20:44:34 2023


premap completed with warnings
# Sun Dec 24 20:44:34 2023

Return Code: 1
Run Time:00h:00m:00s

Complete: Compile on ex4511_161_syn|synthesis


Running: map (Map) on ex4511_161_syn|synthesis
# Sun Dec 24 20:44:34 2023

License granted for 4 parallel jobs


Running: fpga_mapper (Map & Optimize) on ex4511_161_syn|synthesis
# Sun Dec 24 20:44:34 2023

Copied D:\ex161ex4511\synthesis\synwork\ex4511_161_m.srm to D:\ex161ex4511\synthesis\ex4511_161.srm


fpga_mapper completed with warnings
# Sun Dec 24 20:44:34 2023

Return Code: 1
Run Time:00h:00m:00s

Complete: Map on ex4511_161_syn|synthesis

Complete: Logic Synthesis on ex4511_161_syn|synthesis

Copied D:\ex161ex4511\synthesis\ex4511_161.srr to D:\ex161ex4511\synthesis\backup\ex4511_161.srr

TCL script complete: "ex4511_161_syn.tcl"

exit status=0

exit status=0

License checkin: synplifypro_actel

