********************************************************************
I/O Bank Report - Date: Mon Dec 04 01:14:48 2023
Product: Designer
Release: v11.9
Version: 11.9.0.4
Design Name: hc02
Family: SmartFusion2
Die: M2S005
Package: 484 FBGA
********************************************************************


I/O Function:

    Type                                  | w/o register  | w/ register  | w/ DDR register
    --------------------------------------|---------------|--------------|----------------
    Input I/O                             | 2             | 0            | 0
    Output I/O                            | 1             | 0            | 0
    Bidirectional I/O                     | 0             | 0            | 0
    Differential Input I/O Pairs          | 0             | 0            | 0
    Differential Output I/O Pairs         | 0             | 0            | 0

I/O Technology:

                                    |   Voltages    |             I/Os              
    --------------------------------|-------|-------|-------|--------|--------------
    I/O Standard(s)                 | Vddi  | Vref  | Input | Output | Bidirectional
    --------------------------------|-------|-------|-------|--------|--------------
    LVCMOS25                        | 2.50v | N/A   | 2     | 1      | 0            

I/O Bank Resource Usage:

          |   Voltages    | Single I/Os  | Diff I/O Pairs |        Vref I/Os        |  Type   
          |-------|-------|------|-------|-------|--------|------|-------|----------|---------
          | Vddi  | Vref  | Used | Total | Used  | Total  | Used | Total | Vref Pins|         
    ------|-------|-------|------|-------|-------|--------|------|-------|----------|---------
    Bank0 | N/A   | N/A   | 0    | 66    | 0     | 33     | N/A  | N/A   | N/A      | DDRIO   
    Bank1 | N/A   | N/A   | 0    | 9     | 0     | 4      | N/A  | N/A   | N/A      | MSIO    
    Bank2 | N/A   | N/A   | 0    | 24    | 0     | 12     | N/A  | N/A   | N/A      | MSIO    
    Bank3 | N/A   | N/A   | 0    | 0     | 0     | 0      | N/A  | N/A   | N/A      | JTAG    
    Bank4 | N/A   | N/A   | 0    | 52    | 0     | 26     | N/A  | N/A   | N/A      | MSIO    
    Bank5 | 2.50v | N/A   | 1    | 28    | 0     | 14     | N/A  | N/A   | N/A      | MSIOD   
    Bank6 | 2.50v | N/A   | 2    | 30    | 0     | 15     | N/A  | N/A   | N/A      | MSIO    

I/O Voltage Usage:

       Voltages    |     I/Os     
    -------|-------|------|-------
     Vddi  | Vref  | Used | Total 
    -------|-------|------|-------
     2.50v | N/A   | 3    | 58    

