*****************************************************************
Pin Report - Date: Mon Dec 04 01:14:48 2023 Pinchecksum: NOT-AVAILABLE
Product: Designer
Release: v11.9
Version: 11.9.0.4
Design Name: hc02
Family: SmartFusion2
Die: M2S005
Package: 484 FBGA
*****************************************************************

Number |Port |Function                                               |State      |I/O Std  |Direction |I/O state in Flash*Freeze mode |Resistor Pull |I/O available in Flash*Freeze mode |Schmitt Trigger |Odt_Static |Odt Imp (Ohm) |Low Power Exit |Input Delay |Slew |Pre-Emphasis |Output Drive (mA) |Output Load (pF) |
-------|-----|-------------------------------------------------------|-----------|---------|----------|-------------------------------|--------------|-----------------------------------|----------------|-----------|--------------|---------------|------------|-----|-------------|------------------|-----------------|
A1            VSS                                                     Reserved    
A2            MSIO54NB6                                               Unassigned  
A3            NC                                                      Reserved    
A4            NC                                                      Reserved    
A5            NC                                                      Reserved    
A6            DDRIO49NB0/GB4                                          Special     
A7            DDRIO46PB0/MDDR_DQ_ECC1                                 Unassigned  
A8            DDRIO46NB0/MDDR_DQ_ECC0                                 Unassigned  
A9            DDRIO44NB0/MDDR_DQ1                                     Unassigned  
A10           DDRIO41PB0/MDDR_DM_RDQS0                                Unassigned  
A11           DDRIO41NB0/MDDR_DQ4                                     Unassigned  
A12           DDRIO38PB0/MDDR_DQ8                                     Unassigned  
A13           DDRIO38NB0/MDDR_DQ9                                     Unassigned  
A14           DDRIO34PB0/MDDR_DQ12                                    Unassigned  
A15           DDRIO34NB0/MDDR_DQ13                                    Unassigned  
A16           DDRIO29PB0/MDDR_CLK                                     Unassigned  
A17           DDRIO29NB0/MDDR_CLK_N                                   Unassigned  
A18           DDRIO28PB0/MDDR_BA0                                     Unassigned  
A19           DDRIO28NB0/MDDR_BA1                                     Unassigned  
A20           DDRIO24NB0/MDDR_ADDR6                                   Unassigned  
A21           DDRIO21PB0/MDDR_ADDR10                                  Unassigned  
A22           VSS                                                     Reserved    
AA1           VSS                                                     Reserved    
AA2           NC                                                      Reserved    
AA3           VSS                                                     Reserved    
AA4           NC                                                      Reserved    
AA5           VSS                                                     Reserved    
AA6           NC                                                      Reserved    
AA7           VSS                                                     Reserved    
AA8           NC                                                      Reserved    
AA9           VSS                                                     Reserved    
AA10          MSIO85PB4                                               Unassigned  
AA11          MSIO86PB4                                               Unassigned  
AA12          MSIO88PB4                                               Unassigned  
AA13          MSIO89PB4                                               Unassigned  
AA14          VSS                                                     Reserved    
AA15          MSIO95NB4                                               Unassigned  
AA16          MSIO99PB4                                               Unassigned  
AA17          MSIO99NB4                                               Unassigned  
AA18          MSIO98NB4                                               Unassigned  
AA19          VDDI4                                                   Reserved    
AA20          XTLOSC_AUX_EXTAL                                        Reserved    
AA21          XTLOSC_MAIN_EXTAL                                       Reserved    
AA22          JTAGSEL                                                 Reserved    
AB1           VSS                                                     Reserved    
AB2           NC                                                      Reserved    
AB3           VSS                                                     Reserved    
AB4           NC                                                      Reserved    
AB5           VSS                                                     Reserved    
AB6           NC                                                      Reserved    
AB7           VSS                                                     Reserved    
AB8           NC                                                      Reserved    
AB9           VSS                                                     Reserved    
AB10          MSIO85NB4                                               Unassigned  
AB11          MSIO86NB4                                               Unassigned  
AB12          VDDI4                                                   Reserved    
AB13          MSIO84PB4/CCC_NE0_CLKI0                                 Special     
AB14          MSIO84NB4                                               Unassigned  
AB15          MSIO95PB4                                               Unassigned  
AB16          VSS                                                     Reserved    
AB17          MSIO98PB4                                               Unassigned  
AB18          MSIO103PB4                                              Unassigned  
AB19          MSIO103NB4                                              Unassigned  
AB20          XTLOSC_AUX_XTAL                                         Reserved    
AB21          XTLOSC_MAIN_XTAL                                        Reserved    
AB22          VSS                                                     Reserved    
B1            MSIO56NB6                                               Unassigned  
B2            MSIO54PB6                                               Unassigned  
B3            NC                                                      Reserved    
B4            VSS                                                     Reserved    
B5            NC                                                      Reserved    
B6            DDRIO49PB0/GB0                                          Special     
B7            DDRIO48NB0/MDDR_DQS_ECC_N                               Unassigned  
B8            VDDI0                                                   Reserved    
B9            DDRIO44PB0/MDDR_DQ0                                     Unassigned  
B10           VSS                                                     Reserved    
B11           DDRIO42PB0/MDDR_DQS0                                    Unassigned  
B12           VDDI0                                                   Reserved    
B13           DDRIO36PB0/MDDR_DQS1                                    Unassigned  
B14           VSS                                                     Reserved    
B15           DDRIO31PB0/MDDR_CKE                                     Unassigned  
B16           VDDI0                                                   Reserved    
B17           DDRIO27NB0/MDDR_ADDR0                                   Unassigned  
B18           VSS                                                     Reserved    
B19           DDRIO24PB0/MDDR_ADDR5                                   Unassigned  
B20           VDDI0                                                   Reserved    
B21           DDRIO21NB0/MDDR_ADDR11                                  Unassigned  
B22           MSIO17NB1/MMUART_0_CLK/GPIO_29_B/USB_NXT_C              Unassigned  
C1            MSIO56PB6                                               Unassigned  
C2            VDDI6                                                   Reserved    
C3            NC                                                      Reserved    
C4            NC                                                      Reserved    
C5            DDRIO51PB0                                              Unassigned  
C6            VDDI0                                                   Reserved    
C7            DDRIO48PB0/MDDR_DQS_ECC                                 Unassigned  
C8            VSS                                                     Reserved    
C9            DDRIO45NB0                                              Unassigned  
C10           VDDI0                                                   Reserved    
C11           DDRIO42NB0/MDDR_DQS0_N                                  Unassigned  
C12           VSS                                                     Reserved    
C13           DDRIO36NB0/MDDR_DQS1_N                                  Unassigned  
C14           VDDI0                                                   Reserved    
C15           DDRIO31NB0/MDDR_CS_N                                    Unassigned  
C16           DDRIO27PB0/MDDR_BA2                                     Unassigned  
C17           DDRIO25PB0/MDDR_ADDR3                                   Unassigned  
C18           DDRIO25NB0/MDDR_ADDR4                                   Unassigned  
C19           DDRIO23NB0/MDDR_ADDR7                                   Unassigned  
C20           DDRIO23PB0/MDDR_ODT                                     Unassigned  
C21           VSS                                                     Reserved    
C22           MSIO17PB1/MMUART_0_RXD/GPIO_28_B/USB_STP_C              Unassigned  
D1            MSIO57PB6                                               Unassigned  
D2            MSIO57NB6                                               Unassigned  
D3            MSIO53PB6                                               Unassigned  
D4            MSIO53NB6                                               Unassigned  
D5            NC                                                      Reserved    
D6            DDRIO51NB0                                              Unassigned  
D7            MDDR_IMP_CALIB                                          Reserved    
D8            DDRIO47NB0/MDDR_DM_RDQS_ECC                             Unassigned  
D9            DDRIO45PB0/CCC_NE0_CLKI3                                Special     
D10           DDRIO40PB0/MDDR_DQ5                                     Unassigned  
D11           DDRIO40NB0/MDDR_DQ6                                     Unassigned  
D12           DDRIO37PB0/MDDR_DQ10                                    Unassigned  
D13           DDRIO37NB0/MDDR_DQ11                                    Unassigned  
D14           DDRIO33PB0/MDDR_DQ14                                    Unassigned  
D15           VSS                                                     Reserved    
D16           DDRIO26PB0/MDDR_ADDR1                                   Unassigned  
D17           VDDI0                                                   Reserved    
D18           DDRIO19PB0/MDDR_ADDR14                                  Unassigned  
D19           VSS                                                     Reserved    
D20           DDRIO20NB0/MDDR_ADDR13                                  Unassigned  
D21           MSI16NB1/MMUART_0_TXD/GPIO_27_B/USB_DIR_C               Unassigned  
D22           FLASH_GOLDEN_N                                          Reserved    
E1            MSIO58PB6                                               Unassigned  
E2            MSIO58NB6                                               Unassigned  
E3            VSS                                                     Reserved    
E4            MSIO55PB6                                               Unassigned  
E5            MSIO55NB6                                               Unassigned  
E6            VSS                                                     Reserved    
E7            DDRIO50PB0/MDDR_TMATCH_ECC_OUT                          Unassigned  
E8            DDRIO47PB0/MDDR_TMATCH_ECC_IN                           Unassigned  
E9            VSS                                                     Reserved    
E10           DDRIO43NB0/MDDR_DQ3                                     Unassigned  
E11           VDDI0                                                   Reserved    
E12           DDRIO39PB0/MDDR_DQ7                                     Unassigned  
E13           DDRIO33NB0/MDDR_DQ15                                    Unassigned  
E14           VSS                                                     Reserved    
E15           DDRIO30PB0/MDDR_RESET_N                                 Unassigned  
E16           DDRIO26NB0/MDDR_ADDR2                                   Unassigned  
E17           DDRIO22PB0/MDDR_ADDR8                                   Unassigned  
E18           DDRIO19NB0/MDDR_ADDR15                                  Unassigned  
E19           DDRIO20PB0/MDDR_ADDR12                                  Unassigned  
E20           VDDI1                                                   Reserved    
E21           NC                                                      Reserved    
E22           NC                                                      Reserved    
F1            VDDI6                                                   Reserved    
F2            NC                                                      Reserved    
F3            MSIO59PB6                                               Unassigned  
F4            MSIO59NB6                                               Unassigned  
F5            NC                                                      Reserved    
F6            NC                                                      Reserved    
F7            VDDI0                                                   Reserved    
F8            DDRIO50NB0/CCC_NE1_CLKI3                                Special     
F9            VDDI0                                                   Reserved    
F10           DDRIO43PB0/MDDR_DQ2                                     Unassigned  
F11           VSS                                                     Reserved    
F12           DDRIO39NB0/MDDR_TMATCH_0_OUT                            Unassigned  
F13           VDDI0                                                   Reserved    
F14           DDRIO32PB0/MDDR_RAS_N                                   Unassigned  
F15           DDRIO30NB0/MDDR_CAS_N                                   Unassigned  
F16           VSS                                                     Reserved    
F17           DDRIO22NB0/MDDR_ADDR9                                   Unassigned  
F18           NC                                                      Reserved    
F19           NC                                                      Reserved    
F20           NC                                                      Reserved    
F21           NC                                                      Reserved    
F22           VDDI1                                                   Reserved    
G1      b     MSIO63NB6                                               Assigned    LVCMOS25  Input      TRISTATE                        None           No                                  Off              ---         ---            Off             Off          ---   ---           ---                ---               
G2            NC                                                      Reserved    
G3            NC                                                      Reserved    
G4            VDDI6                                                   Reserved    
G5            MSIO52PB6                                               Unassigned  
G6            MSIO52NB6                                               Unassigned  
G7            MSIO60NB6                                               Unassigned  
G8            NC                                                      Reserved    
G9            NC                                                      Reserved    
G10           VREF0                                                   Reserved    
G11           VREF0                                                   Reserved    
G12           DDRIO35PB0/MDDR_TMATCH_0_IN                             Unassigned  
G13           DDRIO35NB0/MDDR_DM_RDQS1                                Unassigned  
G14           DDRIO32NB0/MDDR_WE_N                                    Unassigned  
G15           VREF0                                                   Reserved    
G16           MSIO18NB1/I2C_0_SCL/GPIO_31_B/USB_DATA1_C               Unassigned  
G17           MSIO18PB1/I2C_0_SDA/GPIO_30_B/USB_DATA0_C               Unassigned  
G18           MSIO15NB1/MMUART_1_RXD/GPIO_26_B/USB_DATA3_C            Unassigned  
G19           MSIO15PB1/GB6/MMUART_1_CLK/GPIO_25_B/USB_DATA4_C        Special     
G20           VSS                                                     Reserved    
G21           NC                                                      Reserved    
G22           NC                                                      Reserved    
H1            MSIO63PB6/GB2                                           Special     
H2            VSS                                                     Reserved    
H3            NC                                                      Reserved    
H4            MSIO62PB6                                               Unassigned  
H5            MSIO62NB6                                               Unassigned  
H6            MSIO61PB6                                               Unassigned  
H7            MSIO60PB6                                               Unassigned  
H8            NC                                                      Reserved    
H9            VSS                                                     Reserved    
H10           VDD                                                     Reserved    
H11           VSS                                                     Reserved    
H12           VDDI0                                                   Reserved    
H13           VSS                                                     Reserved    
H14           VDDI0                                                   Reserved    
H15           CCC_NE0_PLL_VDDA                                        Reserved    
H16           MSS_MDDR_PLL_VDDA                                       Reserved    
H17           MSS_MDDR_PLL_VSSA                                       Reserved    
H18           VDDI1                                                   Reserved    
H19           MSIO14NB1/MMUART_1_TXD/GPIO_24_B/USB_DATA2_C            Unassigned  
H20           MSIO14PB1/GB5/USB_XCLK_C                                Special     
H21           NC                                                      Reserved    
H22           NC                                                      Reserved    
J1            MSIO65PB6                                               Unassigned  
J2            MSIO65NB6                                               Unassigned  
J3            MSIO64PB6/GB1                                           Special     
J4            MSIO64NB6                                               Unassigned  
J5            VSS                                                     Reserved    
J6            MSIO61NB6                                               Unassigned  
J7            VDDI6                                                   Reserved    
J8            NC                                                      Reserved    
J9            VDD                                                     Reserved    
J10           VSS                                                     Reserved    
J11           VDD                                                     Reserved    
J12           VSS                                                     Reserved    
J13           VDD                                                     Reserved    
J14           VSS                                                     Reserved    
J15           CCC_NE0_PLL_VSSA                                        Reserved    
J16           CCC_NE1_PLL_VSSA                                        Reserved    
J17           CCC_NE1_PLL_VDDA                                        Reserved    
J18           NC                                                      Reserved    
J19           NC                                                      Reserved    
J20           NC                                                      Reserved    
J21           VDDI1                                                   Reserved    
J22           NC                                                      Reserved    
K1            MSIOD70PB5/CCC_NE1_CLKI1                                Special     
K2            MSIOD70NB5                                              Unassigned  
K3            VDDI5                                                   Reserved    
K4            MSIOD67PB5                                              Unassigned  
K5            MSIOD67NB5                                              Unassigned  
K6      out   MSIO66PB6                                               Assigned    LVCMOS25  Output     TRISTATE                        None           No                                  ---              ---         ---            ---             ---          SLOW  ---           4                  5                 
K7            MSIO66NB6                                               Unassigned  
K8            MSIOD68PB5                                              Unassigned  
K9            VSS                                                     Reserved    
K10           VDD                                                     Reserved    
K11           VSS                                                     Reserved    
K12           VDD                                                     Reserved    
K13           VSS                                                     Reserved    
K14           VDD                                                     Reserved    
K15           NC                                                      Reserved    
K16           NC                                                      Reserved    
K17           NC                                                      Reserved    
K18           NC                                                      Reserved    
K19           VSS                                                     Reserved    
K20           NC                                                      Reserved    
K21           NC                                                      Reserved    
K22           NC                                                      Reserved    
L1            VSS                                                     Reserved    
L2            MSIOD71PB5                                              Unassigned  
L3            MSIOD71NB5                                              Unassigned  
L4            MSIOD72PB5                                              Unassigned  
L5            MSIOD72NB5                                              Unassigned  
L6            VDDI5                                                   Reserved    
L7            MSIOD69NB5                                              Unassigned  
L8      a     MSIOD68NB5                                              Assigned    LVCMOS25  Input      TRISTATE                        None           No                                  Off              ---         ---            Off             Off          ---   ---           ---                ---               
L9            VDD                                                     Reserved    
L10           VSS                                                     Reserved    
L11           VDD                                                     Reserved    
L12           VSS                                                     Reserved    
L13           VDD                                                     Reserved    
L14           VSS                                                     Reserved    
L15           VPP                                                     Reserved    
L16           NC                                                      Reserved    
L17           VDDI2                                                   Reserved    
L18           NC                                                      Reserved    
L19           NC                                                      Reserved    
L20           NC                                                      Reserved    
L21           NC                                                      Reserved    
L22           VSS                                                     Reserved    
M1            MSIOD77NB5                                              Unassigned  
M2            MSIOD75NB5                                              Unassigned  
M3            MSIOD75PB5                                              Unassigned  
M4            VSS                                                     Reserved    
M5            MSIOD73PB5                                              Unassigned  
M6            MSIOD73NB5                                              Unassigned  
M7            MSIOD69PB5/CCC_NE1_CLKI2                                Special     
M8            MSIOD80NB5                                              Unassigned  
M9            VSS                                                     Reserved    
M10           VDD                                                     Reserved    
M11           VSS                                                     Reserved    
M12           VDD                                                     Reserved    
M13           VSS                                                     Reserved    
M14           VDD                                                     Reserved    
M15           VPPNVM                                                  Reserved    
M16           NC                                                      Reserved    
M17           NC                                                      Reserved    
M18           NC                                                      Reserved    
M19           NC                                                      Reserved    
M20           VDDI2                                                   Reserved    
M21           NC                                                      Reserved    
M22           NC                                                      Reserved    
N1            MSIOD77PB5                                              Unassigned  
N2            VDDI5                                                   Reserved    
N3            MSIOD76PB5                                              Unassigned  
N4            MSIOD76NB5                                              Unassigned  
N5            MSIOD74PB5                                              Unassigned  
N6            MSIOD74NB5                                              Unassigned  
N7            VSS                                                     Reserved    
N8            MSIOD80PB5                                              Unassigned  
N9            VDD                                                     Reserved    
N10           VSS                                                     Reserved    
N11           VDD                                                     Reserved    
N12           VSS                                                     Reserved    
N13           VDD                                                     Reserved    
N14           VSS                                                     Reserved    
N15           VSSNVM                                                  Reserved    
N16           MSIO8PB2/CAN_RX/GPIO_3_A/USB_DATA1_A                    Unassigned  
N17           MSIO8NB2/CAN_TX_EN_N/GPIO_4_A/USB_DATA2_A               Unassigned  
N18           VSS                                                     Reserved    
N19           MSIO12PB2/SPI_0_CLK/USB_XCLK_A                          Unassigned  
N20           MSIO12NB2/SPI_0_SDI/GPIO_5_A/USB_DIR_A                  Unassigned  
N21           MSIO13PB2/SPI_0_SDO/GPIO_6_A/USB_STP_A                  Unassigned  
N22           MSIO13NB2/SPI_0_SS0/GPIO_7_A/USB_NXT_A                  Unassigned  
P1            MSIOD79PB5                                              Unassigned  
P2            MSIOD79NB5                                              Unassigned  
P3            MSIOD78NB5                                              Unassigned  
P4            MSIOD78PB5                                              Unassigned  
P5            VDDI5                                                   Reserved    
P6            NC                                                      Reserved    
P7            NC                                                      Reserved    
P8            NC                                                      Reserved    
P9            VSS                                                     Reserved    
P10           VDD                                                     Reserved    
P11           VSS                                                     Reserved    
P12           VDD                                                     Reserved    
P13           VSS                                                     Reserved    
P14           VDD                                                     Reserved    
P15           VPP                                                     Reserved    
P16           MSIO7NB2/CAN_TX/GPIO_2_A/USB_DATA0_A                    Unassigned  
P17           MSIO6PB2/USB_DATA6_B                                    Unassigned  
P18           MSIO6NB2                                                Unassigned  
P19           SC_SPI_SDO                                              Reserved    
P20           SC_SPI_SS                                               Reserved    
P21           VSS                                                     Reserved    
P22           MSIO11PB2/CCC_NE0_CLKI1/I2C_1_SDA/GPIO_0_A/USB_DATA3_A  Special     
R1            NC                                                      Reserved    
R2            NC                                                      Reserved    
R3            NC                                                      Reserved    
R4            NC                                                      Reserved    
R5            VSS                                                     Reserved    
R6            NC                                                      Reserved    
R7            NC                                                      Reserved    
R8            NC                                                      Reserved    
R9            VSS                                                     Reserved    
R10           VSS                                                     Reserved    
R11           VDD                                                     Reserved    
R12           VSS                                                     Reserved    
R13           VDD                                                     Reserved    
R14           VSS                                                     Reserved    
R15           DEVRST_N                                                Reserved    
R16           MSIO7PB2                                                Unassigned  
R17           MSIO1PB2/USB_XCLK_B                                     Unassigned  
R18           MSIO1NB2/USB_DIR_B                                      Unassigned  
R19           VDDI2                                                   Reserved    
R20           SC_SPI_CLK                                              Reserved    
R21           SC_SPI_SDI                                              Reserved    
R22           MSIO11NB2/CCC_NE0_CLKI2/I2C_1_SCL/GPIO_1_A/USB_DATA4_A  Special     
T1            NC                                                      Reserved    
T2            VSS                                                     Reserved    
T3            NC                                                      Reserved    
T4            NC                                                      Reserved    
T5            NC                                                      Reserved    
T6            NC                                                      Reserved    
T7            NC                                                      Reserved    
T8            NC                                                      Reserved    
T9            NC                                                      Reserved    
T10           NC                                                      Reserved    
T11           NC                                                      Reserved    
T12           NC                                                      Reserved    
T13           MSIO92NB4                                               Unassigned  
T14           VDDI4                                                   Reserved    
T15           VSS                                                     Reserved    
T16           MSIO104NB4                                              Unassigned  
T17           VSS                                                     Reserved    
T18           MSIO2PB2/USB_STP_B                                      Unassigned  
T19           MSIO2NB2/USB_NXT_B                                      Unassigned  
T20           MSIO5PB2/USB_DATA4_B                                    Unassigned  
T21           MSIO5NB2/USB_DATA5_B                                    Unassigned  
T22           VDDI2                                                   Reserved    
U1            NC                                                      Reserved    
U2            NC                                                      Reserved    
U3            NC                                                      Reserved    
U4            NC                                                      Reserved    
U5            NC                                                      Reserved    
U6            NC                                                      Reserved    
U7            NC                                                      Reserved    
U8            NC                                                      Reserved    
U9            VPP                                                     Reserved    
U10           MSIO90PB4                                               Unassigned  
U11           MSIO90NB4                                               Unassigned  
U12           VSS                                                     Reserved    
U13           MSIO92PB4                                               Unassigned  
U14           MSIO97PB4                                               Unassigned  
U15           MSIO97NB4                                               Unassigned  
U16           MSIO104PB4                                              Unassigned  
U17           MSIO105NB4                                              Unassigned  
U18           MSIO107NB4                                              Unassigned  
U19           MSIO0PB2                                                Unassigned  
U20           VSS                                                     Reserved    
U21           MSIO4NB2/USB_DATA3_B                                    Unassigned  
U22           MSIO4PB2/USB_DATA2_B                                    Unassigned  
V1            VSS                                                     Reserved    
V2            VSS                                                     Reserved    
V3            VSS                                                     Reserved    
V4            VSS                                                     Reserved    
V5            VSS                                                     Reserved    
V6            VSS                                                     Reserved    
V7            VSS                                                     Reserved    
V8            NC                                                      Reserved    
V9            NC                                                      Reserved    
V10           VDDI4                                                   Reserved    
V11           MSIO83PB4/GB3                                           Special     
V12           MSIO91NB4                                               Unassigned  
V13           MSIO93PB4                                               Unassigned  
V14           MSIO93NB4                                               Unassigned  
V15           VSS                                                     Reserved    
V16           MSIO100NB4                                              Unassigned  
V17           MSIO105PB4                                              Unassigned  
V18           MSIO107PB4                                              Unassigned  
V19           MSIO0NB2/USB_DATA7_B                                    Unassigned  
V20           JTAG_TMS/M3_TMS/M3_SWDIO                                Reserved    
V21           MSIO3NB2/USB_DATA1_B                                    Unassigned  
V22           MSIO3PB2/USB_DATA0_B                                    Unassigned  
W1            NC                                                      Reserved    
W2            VSS                                                     Reserved    
W3            NC                                                      Reserved    
W4            VSS                                                     Reserved    
W5            NC                                                      Reserved    
W6            VSS                                                     Reserved    
W7            NC                                                      Reserved    
W8            VSS                                                     Reserved    
W9            MSIO81PB4                                               Unassigned  
W10           User Reserved                                           Unassigned  
W11           MSIO83NB4/GB7                                           Special     
W12           MSIO91PB4                                               Unassigned  
W13           VDDI4                                                   Reserved    
W14           MSIO94NB4                                               Unassigned  
W15           MSIO96NB4                                               Unassigned  
W16           MSIO100PB4                                              Unassigned  
W17           MSIO101NB4                                              Unassigned  
W18           VSS                                                     Reserved    
W19           MSIO106NB4                                              Unassigned  
W20           JTAG_TCK/M3_TCK                                         Reserved    
W21           VDDI3                                                   Reserved    
W22           JTAG_TDI/M3_TDI                                         Reserved    
Y1            NC                                                      Reserved    
Y2            VSS                                                     Reserved    
Y3            NC                                                      Reserved    
Y4            VSS                                                     Reserved    
Y5            NC                                                      Reserved    
Y6            VSS                                                     Reserved    
Y7            NC                                                      Reserved    
Y8            VSS                                                     Reserved    
Y9            MSIO81NB4/CCC_NE1_CLKI0                                 Special     
Y10           User Reserved                                           Unassigned  
Y11           VSS                                                     Reserved    
Y12           MSIO88NB4                                               Unassigned  
Y13           MSIO89NB4                                               Unassigned  
Y14           MSIO94PB4                                               Unassigned  
Y15           MSIO96PB4                                               Unassigned  
Y16           VDDI4                                                   Reserved    
Y17           MSIO101PB4                                              Unassigned  
Y18           MSIO102PB4                                              Unassigned  
Y19           MSIO102NB4                                              Unassigned  
Y20           MSIO106PB4                                              Unassigned  
Y21           JTAG_TDO/M3_TDO/M3_SWO                                  Reserved    
Y22           JTAG_TRSTB/M3_TRSTB                                     Reserved    
