
Starting:    C:\Microsemi\Libero_SoC_v11.9\SynplifyPro\bin64\mbin\synplify.exe
Install:     C:\Microsemi\Libero_SoC_v11.9\SynplifyPro
Hostname:    EZEKIEL
Date:        Wed Jan 03 01:50:16 2024
Version:     L-2016.09M-SP1-5

Arguments:   -product synplify_pro hc4511_syn.tcl
ProductType: synplify_pro

License checkout: synplifypro_actel
License: synplifypro_actel node-locked 
Licensed Vendor: actel
License Option: actel_oem



auto_infer_blackbox is not supported in current product.
TCL script complete: "hc4511_syn.tcl"
New HDL Analyst: enabled
log file: "C:\EDA\cpu74hc4511\synthesis\hc4511.srr"
Running: synthesis in foreground

Running hc4511_syn|synthesis

Running: compile (Compile) on hc4511_syn|synthesis
# Wed Jan 03 01:50:19 2024

Running: compile_flow (Compile Process) on hc4511_syn|synthesis
# Wed Jan 03 01:50:19 2024

Running: compiler (Compile Input) on hc4511_syn|synthesis
# Wed Jan 03 01:50:19 2024

compiler completed
# Wed Jan 03 01:50:19 2024

Return Code: 0
Run Time:00h:00m:00s

Running: multi_srs_gen (Multi-srs Generator) on hc4511_syn|synthesis
# Wed Jan 03 01:50:19 2024
Up-To-Date: multi_srs_gen. No run necessary
Complete: Compile Process on hc4511_syn|synthesis

Running: premap (Pre-mapping) on hc4511_syn|synthesis
# Wed Jan 03 01:50:19 2024

premap completed with warnings
# Wed Jan 03 01:50:20 2024

Return Code: 1
Run Time:00h:00m:01s
Complete: Compile on hc4511_syn|synthesis

Running: map (Map) on hc4511_syn|synthesis
# Wed Jan 03 01:50:20 2024

Running: fpga_mapper (Map & Optimize) on hc4511_syn|synthesis
# Wed Jan 03 01:50:20 2024
Copied C:\EDA\cpu74hc4511\synthesis\synwork\hc4511_m.srm to C:\EDA\cpu74hc4511\synthesis\hc4511.srm

fpga_mapper completed with warnings
# Wed Jan 03 01:50:20 2024

Return Code: 1
Run Time:00h:00m:00s
Complete: Map on hc4511_syn|synthesis
Complete: Logic Synthesis on hc4511_syn|synthesis
Note: Opening local project RTL file 'C:\EDA\cpu74hc4511\synthesis\hc4511.srs'
exit status=0
License checkin: synplifypro_actel
