
Starting:    C:\Microsemi\Libero_SoC_v11.9\SynplifyPro\bin64\mbin\synbatch.exe
Install:     C:\Microsemi\Libero_SoC_v11.9\SynplifyPro
Hostname:    EZEKIEL
Date:        Sun Dec 17 13:25:15 2023
Version:     L-2016.09M-SP1-5

Arguments:   -product synplify_pro -licensetype synplifypro_actel -batch -log synplify.log hc4511_syn.tcl
ProductType: synplify_pro

License checkout: synplifypro_actel
License: synplifypro_actel node-locked 
Licensed Vendor: actel
License Option: actel_oem

Running in Vendor Mode


Implementation not found: synthesis

log file: "C:\EDA\cpu74hc4511\synthesis\hc4511.srr"

Running: synthesis in foreground



Running hc4511_syn|synthesis


Running: compile (Compile) on hc4511_syn|synthesis
# Sun Dec 17 13:25:16 2023


Running: compile_flow (Compile Process) on hc4511_syn|synthesis
# Sun Dec 17 13:25:16 2023


Running: compiler (Compile Input) on hc4511_syn|synthesis
# Sun Dec 17 13:25:16 2023

Copied C:\EDA\cpu74hc4511\synthesis\synwork\hc4511_comp.srs to C:\EDA\cpu74hc4511\synthesis\hc4511.srs


compiler completed
# Sun Dec 17 13:25:21 2023

Return Code: 0
Run Time:00h:00m:05s


Running: multi_srs_gen (Multi-srs Generator) on hc4511_syn|synthesis
# Sun Dec 17 13:25:21 2023


multi_srs_gen completed
# Sun Dec 17 13:25:21 2023

Return Code: 0
Run Time:00h:00m:00s

Copied C:\EDA\cpu74hc4511\synthesis\synwork\hc4511_mult.srs to C:\EDA\cpu74hc4511\synthesis\hc4511.srs

Complete: Compile Process on hc4511_syn|synthesis


Running: premap (Pre-mapping) on hc4511_syn|synthesis
# Sun Dec 17 13:25:21 2023


premap completed with warnings
# Sun Dec 17 13:25:22 2023

Return Code: 1
Run Time:00h:00m:01s

Complete: Compile on hc4511_syn|synthesis


Running: map (Map) on hc4511_syn|synthesis
# Sun Dec 17 13:25:22 2023

License granted for 4 parallel jobs


Running: fpga_mapper (Map & Optimize) on hc4511_syn|synthesis
# Sun Dec 17 13:25:22 2023

Copied C:\EDA\cpu74hc4511\synthesis\synwork\hc4511_m.srm to C:\EDA\cpu74hc4511\synthesis\hc4511.srm


fpga_mapper completed with warnings
# Sun Dec 17 13:25:23 2023

Return Code: 1
Run Time:00h:00m:01s

Complete: Map on hc4511_syn|synthesis

Complete: Logic Synthesis on hc4511_syn|synthesis

Copied C:\EDA\cpu74hc4511\synthesis\hc4511.srr to C:\EDA\cpu74hc4511\synthesis\backup\hc4511.srr

TCL script complete: "hc4511_syn.tcl"

exit status=0

exit status=0

License checkin: synplifypro_actel

