
Starting:    C:\Microsemi\Libero_SoC_v11.9\SynplifyPro\bin64\mbin\synplify.exe
Install:     C:\Microsemi\Libero_SoC_v11.9\SynplifyPro
Hostname:    EZEKIEL
Date:        Wed Jan 03 10:58:17 2024
Version:     L-2016.09M-SP1-5

Arguments:   -product synplify_pro ex4511_148_syn.tcl
ProductType: synplify_pro

License checkout: synplifypro_actel
License: synplifypro_actel node-locked 
Licensed Vendor: actel
License Option: actel_oem



Implementation not found: synthesis
TCL script complete: "ex4511_148_syn.tcl"
New HDL Analyst: enabled
log file: "C:\EDA\kaohe\ex148_ex4511\synthesis\ex4511_148.srr"
Running: synthesis in foreground

Running ex4511_148_syn|synthesis

Running: compile (Compile) on ex4511_148_syn|synthesis
# Wed Jan 03 10:58:20 2024

Running: compile_flow (Compile Process) on ex4511_148_syn|synthesis
# Wed Jan 03 10:58:20 2024

Running: compiler (Compile Input) on ex4511_148_syn|synthesis
# Wed Jan 03 10:58:20 2024
Copied C:\EDA\kaohe\ex148_ex4511\synthesis\synwork\ex4511_148_comp.srs to C:\EDA\kaohe\ex148_ex4511\synthesis\ex4511_148.srs

compiler completed
# Wed Jan 03 10:58:22 2024

Return Code: 0
Run Time:00h:00m:02s

Running: multi_srs_gen (Multi-srs Generator) on ex4511_148_syn|synthesis
# Wed Jan 03 10:58:22 2024

multi_srs_gen completed
# Wed Jan 03 10:58:22 2024

Return Code: 0
Run Time:00h:00m:00s
Copied C:\EDA\kaohe\ex148_ex4511\synthesis\synwork\ex4511_148_mult.srs to C:\EDA\kaohe\ex148_ex4511\synthesis\ex4511_148.srs
Complete: Compile Process on ex4511_148_syn|synthesis

Running: premap (Pre-mapping) on ex4511_148_syn|synthesis
# Wed Jan 03 10:58:22 2024

premap completed with warnings
# Wed Jan 03 10:58:22 2024

Return Code: 1
Run Time:00h:00m:00s
Complete: Compile on ex4511_148_syn|synthesis

Running: map (Map) on ex4511_148_syn|synthesis
# Wed Jan 03 10:58:22 2024

Running: fpga_mapper (Map & Optimize) on ex4511_148_syn|synthesis
# Wed Jan 03 10:58:22 2024
Copied C:\EDA\kaohe\ex148_ex4511\synthesis\synwork\ex4511_148_m.srm to C:\EDA\kaohe\ex148_ex4511\synthesis\ex4511_148.srm

fpga_mapper completed with warnings
# Wed Jan 03 10:58:23 2024

Return Code: 1
Run Time:00h:00m:01s
Complete: Map on ex4511_148_syn|synthesis
Complete: Logic Synthesis on ex4511_148_syn|synthesis
Note: Opening local project RTL file 'C:\EDA\kaohe\ex148_ex4511\synthesis\ex4511_148.srs'
exit status=0
License checkin: synplifypro_actel
