# Reading C:/Microsemi/Libero_SoC_v11.9/Modelsim/tcl/vsim/pref.tcl
# do run.do
# INFO: Simulation library presynth already exists
# Model Technology ModelSim Microsemi vmap 10.5c Lib Mapping Utility 2016.07 Jul 21 2016
# vmap presynth presynth 
# Modifying modelsim.ini
# Model Technology ModelSim Microsemi vmap 10.5c Lib Mapping Utility 2016.07 Jul 21 2016
# vmap proasic3 C:/Microsemi/Libero_SoC_v11.9/Designer/lib/modelsim/precompiled/vlog/proasic3 
# Modifying modelsim.ini
# Model Technology ModelSim Microsemi vlog 10.5c Compiler 2016.07 Jul 21 2016
# Start time: 16:13:07 on Dec 27,2023
# vlog -reportprogress 300 -vlog01compat -work presynth C:/EDA/kaohe/ex148_ex4511/hdl/hc148.v 
# -- Compiling module hc148
# 
# Top level modules:
# 	hc148
# End time: 16:13:07 on Dec 27,2023, Elapsed time: 0:00:00
# Errors: 0, Warnings: 0
# Model Technology ModelSim Microsemi vlog 10.5c Compiler 2016.07 Jul 21 2016
# Start time: 16:13:07 on Dec 27,2023
# vlog -reportprogress 300 -vlog01compat -work presynth C:/EDA/kaohe/ex148_ex4511/hdl/hc4511.v 
# -- Compiling module hc4511
# 
# Top level modules:
# 	hc4511
# End time: 16:13:07 on Dec 27,2023, Elapsed time: 0:00:00
# Errors: 0, Warnings: 0
# Model Technology ModelSim Microsemi vlog 10.5c Compiler 2016.07 Jul 21 2016
# Start time: 16:13:07 on Dec 27,2023
# vlog -reportprogress 300 -vlog01compat -work presynth C:/EDA/kaohe/ex148_ex4511/component/work/ex4511_148/ex4511_148.v 
# -- Compiling module ex4511_148
# 
# Top level modules:
# 	ex4511_148
# End time: 16:13:07 on Dec 27,2023, Elapsed time: 0:00:00
# Errors: 0, Warnings: 0
# Model Technology ModelSim Microsemi vlog 10.5c Compiler 2016.07 Jul 21 2016
# Start time: 16:13:07 on Dec 27,2023
# vlog -reportprogress 300 "+incdir+C:/EDA/kaohe/ex148_ex4511/stimulus" -vlog01compat -work presynth C:/EDA/kaohe/ex148_ex4511/stimulus/t.v 
# -- Compiling module t
# 
# Top level modules:
# 	t
# End time: 16:13:07 on Dec 27,2023, Elapsed time: 0:00:00
# Errors: 0, Warnings: 0
# vsim -L proasic3 -L presynth -t 1ps presynth.t 
# Start time: 16:13:07 on Dec 27,2023
# //  ModelSim Microsemi 10.5c Jul 21 2016
# //
# //  Copyright 1991-2016 Mentor Graphics Corporation
# //  All Rights Reserved.
# //
# //  ModelSim Microsemi and its associated documentation contain trade
# //  secrets and commercial or financial information that are the property of
# //  Mentor Graphics Corporation and are privileged, confidential,
# //  and exempt from disclosure under the Freedom of Information Act,
# //  5 U.S.C. Section 552. Furthermore, this information
# //  is prohibited from disclosure under the Trade Secrets Act,
# //  18 U.S.C. Section 1905.
# //
# Loading presynth.t
# Loading presynth.ex4511_148
# Loading presynth.hc148
# Loading presynth.hc4511
# Loading proasic3.NAND2
# End time: 16:14:06 on Dec 27,2023, Elapsed time: 0:00:59
# Errors: 0, Warnings: 0
