Target Part: A3P060_VQFP100_STD
Report for cell vend_mealy.verilog
  Core Cell usage:
              cell count     area count*area
              AO13     1      1.0        1.0
              AO15     1      1.0        1.0
               GND     1      0.0        0.0
             NOR2B     1      1.0        1.0
              OR2A     1      1.0        1.0
               VCC     1      0.0        0.0
               XO1     1      1.0        1.0


            DFN1C1     1      1.0        1.0
            DFN1P1     1      1.0        1.0
                   -----          ----------
             TOTAL     9                 7.0


  IO Cell usage:
              cell count
            CLKBUF     1
             INBUF     3
            OUTBUF     1
                   -----
             TOTAL     5


Core Cells         : 7 of 1536 (0%)
IO Cells           : 5

  RAM/ROM Usage Summary
Block Rams : 0 of 4 (0%)

