
Starting:    C:\Microsemi\Libero_SoC_v11.9\SynplifyPro\bin64\mbin\synbatch.exe
Install:     C:\Microsemi\Libero_SoC_v11.9\SynplifyPro
Hostname:    EZEKIEL
Date:        Mon Dec 04 01:10:55 2023
Version:     L-2016.09M-SP1-5

Arguments:   -product synplify_pro -licensetype synplifypro_actel -batch -log synplify.log hc02_syn.tcl
ProductType: synplify_pro

License checkout: synplifypro_actel
License: synplifypro_actel node-locked 
Licensed Vendor: actel
License Option: actel_oem

Running in Vendor Mode


auto_infer_blackbox is not supported in current product.

log file: "C:\EDA\74hc02\cpu74hc02\synthesis\hc02.srr"

Running: synthesis in foreground



Running hc02_syn|synthesis


Running: compile (Compile) on hc02_syn|synthesis
# Mon Dec 04 01:10:55 2023


Running: compile_flow (Compile Process) on hc02_syn|synthesis
# Mon Dec 04 01:10:55 2023


Running: compiler (Compile Input) on hc02_syn|synthesis
# Mon Dec 04 01:10:55 2023

Copied C:\EDA\74hc02\cpu74hc02\synthesis\synwork\hc02_comp.srs to C:\EDA\74hc02\cpu74hc02\synthesis\hc02.srs


compiler completed
# Mon Dec 04 01:10:57 2023

Return Code: 0
Run Time:00h:00m:02s


Running: multi_srs_gen (Multi-srs Generator) on hc02_syn|synthesis
# Mon Dec 04 01:10:57 2023


multi_srs_gen completed
# Mon Dec 04 01:10:57 2023

Return Code: 0
Run Time:00h:00m:00s

Copied C:\EDA\74hc02\cpu74hc02\synthesis\synwork\hc02_mult.srs to C:\EDA\74hc02\cpu74hc02\synthesis\hc02.srs

Complete: Compile Process on hc02_syn|synthesis


Running: premap (Pre-mapping) on hc02_syn|synthesis
# Mon Dec 04 01:10:57 2023


premap completed
# Mon Dec 04 01:10:57 2023

Return Code: 0
Run Time:00h:00m:00s

Complete: Compile on hc02_syn|synthesis


Running: map (Map) on hc02_syn|synthesis
# Mon Dec 04 01:10:57 2023

License granted for 4 parallel jobs


Running: fpga_mapper (Map & Optimize) on hc02_syn|synthesis
# Mon Dec 04 01:10:57 2023

Copied C:\EDA\74hc02\cpu74hc02\synthesis\synwork\hc02_m.srm to C:\EDA\74hc02\cpu74hc02\synthesis\hc02.srm


fpga_mapper completed
# Mon Dec 04 01:10:58 2023

Return Code: 0
Run Time:00h:00m:01s

Complete: Map on hc02_syn|synthesis

Complete: Logic Synthesis on hc02_syn|synthesis

TCL script complete: "hc02_syn.tcl"

exit status=0

exit status=0

License checkin: synplifypro_actel

