
Starting:    C:\Microsemi\Libero_SoC_v11.9\SynplifyPro\bin64\mbin\synplify.exe
Install:     C:\Microsemi\Libero_SoC_v11.9\SynplifyPro
Hostname:    EZEKIEL
Date:        Wed Jan 03 01:23:37 2024
Version:     L-2016.09M-SP1-5

Arguments:   -product synplify_pro hc138_syn.tcl
ProductType: synplify_pro

License checkout: synplifypro_actel
License: synplifypro_actel node-locked 
Licensed Vendor: actel
License Option: actel_oem



Implementation not found: synthesis
TCL script complete: "hc138_syn.tcl"
New HDL Analyst: enabled
log file: "C:\EDA\cpu74hc138\synthesis\hc138.srr"
Running: synthesis in foreground

Running hc138_syn|synthesis

Running: compile (Compile) on hc138_syn|synthesis
# Wed Jan 03 01:23:40 2024

Running: compile_flow (Compile Process) on hc138_syn|synthesis
# Wed Jan 03 01:23:40 2024

Running: compiler (Compile Input) on hc138_syn|synthesis
# Wed Jan 03 01:23:40 2024
Copied C:\EDA\cpu74hc138\synthesis\synwork\hc138_comp.srs to C:\EDA\cpu74hc138\synthesis\hc138.srs

compiler completed
# Wed Jan 03 01:23:42 2024

Return Code: 0
Run Time:00h:00m:02s

Running: multi_srs_gen (Multi-srs Generator) on hc138_syn|synthesis
# Wed Jan 03 01:23:42 2024

multi_srs_gen completed
# Wed Jan 03 01:23:42 2024

Return Code: 0
Run Time:00h:00m:00s
Copied C:\EDA\cpu74hc138\synthesis\synwork\hc138_mult.srs to C:\EDA\cpu74hc138\synthesis\hc138.srs
Complete: Compile Process on hc138_syn|synthesis

Running: premap (Pre-mapping) on hc138_syn|synthesis
# Wed Jan 03 01:23:42 2024

premap completed
# Wed Jan 03 01:23:42 2024

Return Code: 0
Run Time:00h:00m:00s
Complete: Compile on hc138_syn|synthesis

Running: map (Map) on hc138_syn|synthesis
# Wed Jan 03 01:23:42 2024

Running: fpga_mapper (Map & Optimize) on hc138_syn|synthesis
# Wed Jan 03 01:23:42 2024
Copied C:\EDA\cpu74hc138\synthesis\synwork\hc138_m.srm to C:\EDA\cpu74hc138\synthesis\hc138.srm

fpga_mapper completed
# Wed Jan 03 01:23:43 2024

Return Code: 0
Run Time:00h:00m:01s
Complete: Map on hc138_syn|synthesis
Complete: Logic Synthesis on hc138_syn|synthesis
Note: Opening local project RTL file 'C:\EDA\cpu74hc138\synthesis\hc138.srs'
exit status=0
License checkin: synplifypro_actel
