
Starting:    C:\Microsemi\Libero_SoC_v11.9\SynplifyPro\bin64\mbin\synplify.exe
Install:     C:\Microsemi\Libero_SoC_v11.9\SynplifyPro
Hostname:    315-0115
Date:        Sun Dec 10 19:00:15 2023
Version:     L-2016.09M-SP1-5

Arguments:   -product synplify_pro HC153_syn.tcl
ProductType: synplify_pro

License checkout: synplifypro_actel
License: synplifypro_actel node-locked 
Licensed Vendor: actel
License Option: actel_oem



Implementation not found: synthesis
TCL script complete: "HC153_syn.tcl"
New HDL Analyst: enabled
log file: "D:\HC153\HC153\synthesis\HC153.srr"
Running: synthesis in foreground

Running HC153_syn|synthesis

Running: compile (Compile) on HC153_syn|synthesis
# Sun Dec 10 19:00:30 2023

Running: compile_flow (Compile Process) on HC153_syn|synthesis
# Sun Dec 10 19:00:30 2023

Running: compiler (Compile Input) on HC153_syn|synthesis
# Sun Dec 10 19:00:30 2023
Copied D:\HC153\HC153\synthesis\synwork\HC153_comp.srs to D:\HC153\HC153\synthesis\HC153.srs

compiler completed
# Sun Dec 10 19:00:31 2023

Return Code: 0
Run Time:00h:00m:01s

Running: multi_srs_gen (Multi-srs Generator) on HC153_syn|synthesis
# Sun Dec 10 19:00:31 2023

multi_srs_gen completed
# Sun Dec 10 19:00:31 2023

Return Code: 0
Run Time:00h:00m:00s
Copied D:\HC153\HC153\synthesis\synwork\HC153_mult.srs to D:\HC153\HC153\synthesis\HC153.srs
Complete: Compile Process on HC153_syn|synthesis

Running: premap (Pre-mapping) on HC153_syn|synthesis
# Sun Dec 10 19:00:31 2023

premap completed
# Sun Dec 10 19:00:32 2023

Return Code: 0
Run Time:00h:00m:01s
Complete: Compile on HC153_syn|synthesis

Running: map (Map) on HC153_syn|synthesis
# Sun Dec 10 19:00:32 2023

Running: fpga_mapper (Map & Optimize) on HC153_syn|synthesis
# Sun Dec 10 19:00:32 2023
Copied D:\HC153\HC153\synthesis\synwork\HC153_m.srm to D:\HC153\HC153\synthesis\HC153.srm

fpga_mapper completed
# Sun Dec 10 19:00:32 2023

Return Code: 0
Run Time:00h:00m:00s
Complete: Map on HC153_syn|synthesis
Complete: Logic Synthesis on HC153_syn|synthesis
Note: Opening local project RTL file 'D:\HC153\HC153\synthesis\HC153.srs'
exit status=0
License checkin: synplifypro_actel
