Target Part: A3P060_VQFP100_STD
Report for cell HC85.verilog
  Core Cell usage:
              cell count     area count*area
             AND2A     8      1.0        8.0
              AOI1     1      1.0        1.0
               GND     1      0.0        0.0
              MX2A     2      1.0        2.0
              MX2C     2      1.0        2.0
             NOR2A     1      1.0        1.0
              OA1B     4      1.0        4.0
              OA1C     2      1.0        2.0
               OR2     2      1.0        2.0
               VCC     1      0.0        0.0
               XO1     1      1.0        1.0
              XOR2     3      1.0        3.0


                   -----          ----------
             TOTAL    28                26.0


  IO Cell usage:
              cell count
             INBUF    11
            OUTBUF     3
                   -----
             TOTAL    14


Core Cells         : 26 of 1536 (2%)
IO Cells           : 14

  RAM/ROM Usage Summary
Block Rams : 0 of 4 (0%)

